app/build/outputs/logs/manifest-merger-debug-report.txt
-- Merging decision tree log ---
manifest
ADDED from src/main/AndroidManifest.xml:2:1-26:12
	xmlns:android
		ADDED from src/main/AndroidManifest.xml:2:11-69
	package
		ADDED from src/main/AndroidManifest.xml:3:5-45
		INJECTED from src/main/AndroidManifest.xml
		INJECTED from src/main/AndroidManifest.xml
	android:versionName
		INJECTED from src/main/AndroidManifest.xml
		INJECTED from src/main/AndroidManifest.xml
	android:versionCode
		INJECTED from src/main/AndroidManifest.xml
		INJECTED from src/main/AndroidManifest.xml
uses-permission#android.permission.INTERNET
ADDED from src/main/AndroidManifest.xml:5:5-66
	android:name
		ADDED from src/main/AndroidManifest.xml:5:22-64
application
ADDED from src/main/AndroidManifest.xml:6:5-24:19
MERGED from [com.android.support:appcompat-v7:23.1.1] AndroidManifest.xml:22:5-20
MERGED from [com.android.support:support-v4:23.1.1] AndroidManifest.xml:22:5-20
MERGED from [com.android.support:design:23.1.1] AndroidManifest.xml:22:5-20
MERGED from [com.android.support:appcompat-v7:23.1.1] AndroidManifest.xml:22:5-20
MERGED from [com.android.support:support-v4:23.1.1] AndroidManifest.xml:22:5-20
MERGED from [com.android.support:support-v4:23.1.1] AndroidManifest.xml:22:5-20
MERGED from [com.android.support:support-v4:23.1.1] AndroidManifest.xml:22:5-20
MERGED from [com.android.support:cardview-v7:23.1.1] AndroidManifest.xml:22:5-20
MERGED from [com.android.support:support-v4:23.1.1] AndroidManifest.xml:22:5-20
	android:supportsRtl
		ADDED from src/main/AndroidManifest.xml:10:9-35
	android:label
		ADDED from src/main/AndroidManifest.xml:9:9-41
	android:allowBackup
		ADDED from src/main/AndroidManifest.xml:7:9-35
	android:icon
		ADDED from src/main/AndroidManifest.xml:8:9-43
	android:theme
		ADDED from src/main/AndroidManifest.xml:11:9-40
activity#com.example.angusyuen.padalarm.MainActivity
ADDED from src/main/AndroidManifest.xml:12:9-21:20
	android:label
		ADDED from src/main/AndroidManifest.xml:14:13-45
	android:theme
		ADDED from src/main/AndroidManifest.xml:15:13-56
	android:name
		ADDED from src/main/AndroidManifest.xml:13:13-41
intent-filter#android.intent.action.MAIN+android.intent.category.LAUNCHER
ADDED from src/main/AndroidManifest.xml:16:13-20:29
action#android.intent.action.MAIN
ADDED from src/main/AndroidManifest.xml:17:17-69
	android:name
		ADDED from src/main/AndroidManifest.xml:17:25-66
category#android.intent.category.LAUNCHER
ADDED from src/main/AndroidManifest.xml:19:17-77
	android:name
		ADDED from src/main/AndroidManifest.xml:19:27-74
receiver#com.example.angusyuen.padalarm.AlarmReceiver
ADDED from src/main/AndroidManifest.xml:22:9-74
	android:enabled
		ADDED from src/main/AndroidManifest.xml:22:50-72
	android:name
		ADDED from src/main/AndroidManifest.xml:22:19-48
service#com.example.angusyuen.padalarm.AlarmService
ADDED from src/main/AndroidManifest.xml:23:9-49
	android:name
		ADDED from src/main/AndroidManifest.xml:23:18-46
uses-sdk
INJECTED from src/main/AndroidManifest.xml reason: use-sdk injection requested
MERGED from [com.android.support:appcompat-v7:23.1.1] AndroidManifest.xml:20:5-43
MERGED from [com.android.support:support-v4:23.1.1] AndroidManifest.xml:20:5-43
MERGED from [com.android.support:design:23.1.1] AndroidManifest.xml:20:5-43
MERGED from [com.android.support:appcompat-v7:23.1.1] AndroidManifest.xml:20:5-43
MERGED from [com.android.support:support-v4:23.1.1] AndroidManifest.xml:20:5-43
MERGED from [com.android.support:recyclerview-v7:23.1.1] AndroidManifest.xml:20:5-43
MERGED from [com.android.support:support-v4:23.1.1] AndroidManifest.xml:20:5-43
MERGED from [com.android.support:support-v4:23.1.1] AndroidManifest.xml:20:5-43
MERGED from [com.android.support:cardview-v7:23.1.1] AndroidManifest.xml:20:5-43
MERGED from [com.android.support:recyclerview-v7:23.1.1] AndroidManifest.xml:20:5-43
MERGED from [com.android.support:support-v4:23.1.1] AndroidManifest.xml:20:5-43
	android:targetSdkVersion
		INJECTED from src/main/AndroidManifest.xml
		INJECTED from src/main/AndroidManifest.xml
	android:minSdkVersion
		INJECTED from src/main/AndroidManifest.xml
		INJECTED from src/main/AndroidManifest.xml